

HI-TECH Software PIC Macro Assembler V9.82 build 9453 
                                                                                                           Sun Sep 13 13:56:18 2015


     1                           
     2                           	; HI-TECH C Compiler for PIC10/12/16 MCUs V9.82
     3                           	; Copyright (C) 1984-2011 HI-TECH Software
     4                           
     5                           	; Auto-generated runtime startup code for final link stage.
     6                           
     7                           	;
     8                           	; Compiler options:
     9                           	;
    10                           	; -oBEVERAGES_2014_10_08.cof -mBEVERAGES_2014_10_08.map \
    11                           	; --summary=default --output=default adc.p1 lcd.p1 myitoa.p1 \
    12                           	; Beverage.p1 Beverage_services.p1 delay.p1 --chip=16F877A -P \
    13                           	; --runtime=default --opt=default -D__DEBUG=1 --rom=default \
    14                           	; --ram=default -g --asmlist --errformat=Error   [%n] %f; %l.%c %s \
    15                           	; --msgformat=Advisory[%n] %s --warnformat=Warning [%n] %f; %l.%c %s
    16                           	;
    17                           
    18                           
    19                           	processor	16F877A
    20                           
    21                           	global	_main,start,_exit,reset_vec
    22                           	fnroot	_main
    23                           	psect	config,class=CONFIG,delta=2
    24                           	psect	idloc,class=IDLOC,delta=2
    25                           	psect	code,class=CODE,delta=2
    26                           	psect	powerup,class=CODE,delta=2
    27                           	psect	reset_vec,class=CODE,delta=2
    28                           	psect	maintext,class=CODE,delta=2
    29  0000                     	C	set	0
    30  0002                     	Z	set	2
    31  0002                     	PCL	set	2
    32  0000                     	INDF	set	0
    33                           
    34  0003                     	STATUS	equ	3
    35  000A                     	PCLATH	equ	0Ah
    36                           
    37                           	psect	eeprom_data,class=EEDATA,delta=2,space=2
    38                           	psect	intentry,class=CODE,delta=2
    39                           	psect	functab,class=CODE,delta=2
    40                           	global	intlevel0,intlevel1,intlevel2, intlevel3, intlevel4, intlevel5
    41  0700                     intlevel0:
    42  0700                     intlevel1:
    43  0700                     intlevel2:
    44  0700                     intlevel3:
    45  0700                     intlevel4:
    46  0700                     intlevel5:
    47                           	psect	init,class=CODE,delta=2
    48                           	psect	cinit,class=CODE,delta=2
    49                           	psect	text,class=CODE,delta=2
    50                           	psect	end_init,class=CODE,delta=2
    51                           	psect	clrtext,class=CODE,delta=2
    52  0004                     	FSR	set	4
    53                           	psect	strings,class=CODE,delta=2,reloc=256
    54                           
    55                           	psect	reset_vec
    56  0000                     reset_vec:
    57                           	; No powerup routine
    58                           	; No interrupt routine
    59                           
    60                           
    61                           	psect	init
    62  0000                     start
    63  0000                     _exit
    64                           	psect	end_init
    65                           	global start_initialization
    66  0000  160A  158A  293D   	ljmp start_initialization	;jump to C runtime clear & initialization


HI-TECH Software PICC Macro Assembler V9.82 build 9453 
Symbol Table                                                                                               Sun Sep 13 13:56:18 2015

               _main 11F9                 _exit 0000                 start 0000  start_initialization 193D  
           intlevel0 0700             intlevel1 0700             intlevel2 0700             intlevel3 0700  
           intlevel4 0700             intlevel5 0700             reset_vec 0000  
